[debug] [2024-04-03T19:50:31.777Z] ----------------------------------------------------------------------
[debug] [2024-04-03T19:50:31.786Z] Command:       C:\Program Files\nodejs\node.exe C:\Users\socce\AppData\Roaming\npm\node_modules\firebase-tools\lib\bin\firebase.js deploy
[debug] [2024-04-03T19:50:31.786Z] CLI Version:   13.6.0
[debug] [2024-04-03T19:50:31.787Z] Platform:      win32
[debug] [2024-04-03T19:50:31.787Z] Node Version:  v21.6.2
[debug] [2024-04-03T19:50:31.787Z] Time:          Wed Apr 03 2024 12:50:31 GMT-0700 (Pacific Daylight Time)
[debug] [2024-04-03T19:50:31.787Z] ----------------------------------------------------------------------
[debug] 
[debug] [2024-04-03T19:50:31.790Z] >>> [apiv2][query] GET https://firebase-public.firebaseio.com/cli.json [none]
[debug] [2024-04-03T19:50:31.877Z] > command requires scopes: ["email","openid","https://www.googleapis.com/auth/cloudplatformprojects.readonly","https://www.googleapis.com/auth/firebase","https://www.googleapis.com/auth/cloud-platform"]
[debug] [2024-04-03T19:50:31.877Z] > authorizing via signed-in user (gaminghunter694@gmail.com)
[debug] [2024-04-03T19:50:31.877Z] [iam] checking project fir-8aefb for permissions ["datastore.indexes.create","datastore.indexes.delete","datastore.indexes.list","datastore.indexes.update","firebase.projects.get","firebasehosting.sites.update","firebaserules.releases.create","firebaserules.releases.update","firebaserules.rulesets.create"]
[debug] [2024-04-03T19:50:31.878Z] > refreshing access token with scopes: []
[debug] [2024-04-03T19:50:31.879Z] >>> [apiv2][query] POST https://www.googleapis.com/oauth2/v3/token [none]
[debug] [2024-04-03T19:50:31.879Z] >>> [apiv2][body] POST https://www.googleapis.com/oauth2/v3/token [omitted]
[debug] [2024-04-03T19:50:32.013Z] <<< [apiv2][status] POST https://www.googleapis.com/oauth2/v3/token 200
[debug] [2024-04-03T19:50:32.013Z] <<< [apiv2][body] POST https://www.googleapis.com/oauth2/v3/token [omitted]
[debug] [2024-04-03T19:50:32.023Z] >>> [apiv2][query] POST https://cloudresourcemanager.googleapis.com/v1/projects/fir-8aefb:testIamPermissions [none]
[debug] [2024-04-03T19:50:32.023Z] >>> [apiv2][(partial)header] POST https://cloudresourcemanager.googleapis.com/v1/projects/fir-8aefb:testIamPermissions x-goog-quota-user=projects/fir-8aefb
[debug] [2024-04-03T19:50:32.023Z] >>> [apiv2][body] POST https://cloudresourcemanager.googleapis.com/v1/projects/fir-8aefb:testIamPermissions {"permissions":["datastore.indexes.create","datastore.indexes.delete","datastore.indexes.list","datastore.indexes.update","firebase.projects.get","firebasehosting.sites.update","firebaserules.releases.create","firebaserules.releases.update","firebaserules.rulesets.create"]}
[debug] [2024-04-03T19:50:32.026Z] <<< [apiv2][status] GET https://firebase-public.firebaseio.com/cli.json 200
[debug] [2024-04-03T19:50:32.026Z] <<< [apiv2][body] GET https://firebase-public.firebaseio.com/cli.json {"cloudBuildErrorAfter":1594252800000,"cloudBuildWarnAfter":1590019200000,"defaultNode10After":1594252800000,"minVersion":"3.0.5","node8DeploysDisabledAfter":1613390400000,"node8RuntimeDisabledAfter":1615809600000,"node8WarnAfter":1600128000000}
[debug] [2024-04-03T19:50:32.324Z] <<< [apiv2][status] POST https://cloudresourcemanager.googleapis.com/v1/projects/fir-8aefb:testIamPermissions 200
[debug] [2024-04-03T19:50:32.324Z] <<< [apiv2][body] POST https://cloudresourcemanager.googleapis.com/v1/projects/fir-8aefb:testIamPermissions {}
[debug] [2024-04-03T19:50:32.325Z] [iam] error while checking permissions, command may fail: FirebaseError: Authorization failed. This account is missing the following required permissions on project fir-8aefb:

  datastore.indexes.create
  datastore.indexes.delete
  datastore.indexes.list
  datastore.indexes.update
  firebase.projects.get
  firebasehosting.sites.update
  firebaserules.releases.create
  firebaserules.releases.update
  firebaserules.rulesets.create
[debug] [2024-04-03T19:50:32.326Z] >>> [apiv2][query] GET https://firebase.googleapis.com/v1beta1/projects/fir-8aefb [none]
[debug] [2024-04-03T19:50:32.527Z] <<< [apiv2][status] GET https://firebase.googleapis.com/v1beta1/projects/fir-8aefb 403
[debug] [2024-04-03T19:50:32.527Z] <<< [apiv2][body] GET https://firebase.googleapis.com/v1beta1/projects/fir-8aefb {"error":{"code":403,"message":"The caller does not have permission","status":"PERMISSION_DENIED"}}
[debug] [2024-04-03T19:50:32.528Z] HTTP Error: 403, The caller does not have permission
[error] 
[error] Error: Assertion failed: resolving hosting target of a site with no site name or target name. This should have caused an error earlier
